e:\srcs\anti-spoofing\nir-fld-mtcnn\nir-fld-mtcnn\x64\debug\nir-fld-mtcnn.pch
e:\srcs\anti-spoofing\nir-fld-mtcnn\nir-fld-mtcnn\x64\debug\vc141.pdb
e:\srcs\anti-spoofing\nir-fld-mtcnn\nir-fld-mtcnn\x64\debug\vc141.idb
e:\srcs\anti-spoofing\nir-fld-mtcnn\nir-fld-mtcnn\x64\debug\pch.obj
e:\srcs\anti-spoofing\nir-fld-mtcnn\nir-fld-mtcnn\x64\debug\util.obj
e:\srcs\anti-spoofing\nir-fld-mtcnn\nir-fld-mtcnn\x64\debug\svm.obj
e:\srcs\anti-spoofing\nir-fld-mtcnn\nir-fld-mtcnn\x64\debug\mx_shuffle_predict_2.obj
e:\srcs\anti-spoofing\nir-fld-mtcnn\nir-fld-mtcnn\x64\debug\mtcnn.obj
e:\srcs\anti-spoofing\nir-fld-mtcnn\nir-fld-mtcnn\x64\debug\lbp3.obj
e:\srcs\anti-spoofing\nir-fld-mtcnn\nir-fld-mtcnn\x64\debug\flow.obj
e:\srcs\anti-spoofing\nir-fld-mtcnn\nir-fld-mtcnn\x64\debug\main.obj
e:\srcs\anti-spoofing\nir-fld-mtcnn\x64\debug\nir-fld-mtcnn.exe
e:\srcs\anti-spoofing\nir-fld-mtcnn\x64\debug\nir-fld-mtcnn.ilk
e:\srcs\anti-spoofing\nir-fld-mtcnn\x64\debug\nir-fld-mtcnn.pdb
e:\srcs\anti-spoofing\nir-fld-mtcnn\nir-fld-mtcnn\x64\debug\nir-fld-mtcnn.tlog\cl.command.1.tlog
e:\srcs\anti-spoofing\nir-fld-mtcnn\nir-fld-mtcnn\x64\debug\nir-fld-mtcnn.tlog\cl.read.1.tlog
e:\srcs\anti-spoofing\nir-fld-mtcnn\nir-fld-mtcnn\x64\debug\nir-fld-mtcnn.tlog\cl.write.1.tlog
e:\srcs\anti-spoofing\nir-fld-mtcnn\nir-fld-mtcnn\x64\debug\nir-fld-mtcnn.tlog\link.command.1.tlog
e:\srcs\anti-spoofing\nir-fld-mtcnn\nir-fld-mtcnn\x64\debug\nir-fld-mtcnn.tlog\link.read.1.tlog
e:\srcs\anti-spoofing\nir-fld-mtcnn\nir-fld-mtcnn\x64\debug\nir-fld-mtcnn.tlog\link.write.1.tlog
